
*** Running vivado
    with args -log top_riscv.vds -m64 -product Vivado -mode batch -messageDb vivado.pb -notrace -source top_riscv.tcl



****** Vivado v2025.2 (64-bit)
  **** SW Build 6299465 on Fri Nov 14 19:35:11 GMT 2025
  **** IP Build 6300035 on Fri Nov 14 10:48:45 MST 2025
  **** SharedData Build 6298862 on Thu Nov 13 04:50:51 MST 2025
  **** Start of session at: Thu Mar 19 13:33:06 2026
    ** Copyright 1986-2022 Xilinx, Inc. All Rights Reserved.
    ** Copyright 2022-2025 Advanced Micro Devices, Inc. All Rights Reserved.

source top_riscv.tcl -notrace
create_project: Time (s): cpu = 00:00:11 ; elapsed = 00:00:07 . Memory (MB): peak = 624.625 ; gain = 253.020
Command: read_checkpoint -auto_incremental -incremental {C:/Verilog Projects/RISC_V_FINAL/RISC_V_FINAL.srcs/utils_1/imports/synth_1/top_tb.dcp}
INFO: [Vivado 12-5825] Read reference checkpoint from C:/Verilog Projects/RISC_V_FINAL/RISC_V_FINAL.srcs/utils_1/imports/synth_1/top_tb.dcp for incremental synthesis
INFO: [Vivado 12-7989] Please ensure there are no constraint changes
Command: synth_design -top top_riscv -part xc7z010clg400-1
Starting synth_design
Attempting to get a license for feature 'Synthesis' and/or device 'xc7z010'
INFO: [Common 17-349] Got license for feature 'Synthesis' and/or device 'xc7z010'
INFO: [Designutils 20-5440] No compile time benefit to using incremental synthesis; A full resynthesis will be run
INFO: [Designutils 20-4379] Flow is switching to default flow due to incremental criteria not met. If you would like to alter this behaviour and have the flow terminate instead, please set the following parameter config_implementation {autoIncr.Synth.RejectBehavior Terminate}
INFO: [Synth 8-7079] Multithreading enabled for synth_design using a maximum of 2 processes.
INFO: [Synth 8-7078] Launching helper process for spawning children vivado processes
INFO: [Synth 8-7075] Helper process launched with PID 9348
---------------------------------------------------------------------------------
Starting Synthesize : Time (s): cpu = 00:00:05 ; elapsed = 00:00:05 . Memory (MB): peak = 1170.582 ; gain = 531.223
---------------------------------------------------------------------------------
INFO: [Synth 8-11241] undeclared symbol 'bne_control', assumed default net type 'wire' [C:/Verilog Projects/RISC_V_FINAL/RISC_V_FINAL.srcs/sources_1/new/top_riscv.v:126]
INFO: [Synth 8-6157] synthesizing module 'top_riscv' [C:/Verilog Projects/RISC_V_FINAL/RISC_V_FINAL.srcs/sources_1/new/top_riscv.v:24]
INFO: [Synth 8-6157] synthesizing module 'instruction_fetch_unit' [C:/Verilog Projects/RISC_V_FINAL/RISC_V_FINAL.srcs/sources_1/new/instruction_fetch_unit.v:24]
INFO: [Synth 8-6155] done synthesizing module 'instruction_fetch_unit' (0#1) [C:/Verilog Projects/RISC_V_FINAL/RISC_V_FINAL.srcs/sources_1/new/instruction_fetch_unit.v:24]
INFO: [Synth 8-6157] synthesizing module 'instruction_memory' [C:/Verilog Projects/RISC_V_FINAL/RISC_V_FINAL.srcs/sources_1/new/INSTRUCTION_MEMORY.v:24]
INFO: [Synth 8-6155] done synthesizing module 'instruction_memory' (0#1) [C:/Verilog Projects/RISC_V_FINAL/RISC_V_FINAL.srcs/sources_1/new/INSTRUCTION_MEMORY.v:24]
INFO: [Synth 8-6157] synthesizing module 'control_unit' [C:/Verilog Projects/RISC_V_FINAL/RISC_V_FINAL.srcs/sources_1/new/control_unit.v:3]
INFO: [Synth 8-155] case statement is not full and has no default [C:/Verilog Projects/RISC_V_FINAL/RISC_V_FINAL.srcs/sources_1/new/control_unit.v:92]
INFO: [Synth 8-155] case statement is not full and has no default [C:/Verilog Projects/RISC_V_FINAL/RISC_V_FINAL.srcs/sources_1/new/control_unit.v:107]
INFO: [Synth 8-155] case statement is not full and has no default [C:/Verilog Projects/RISC_V_FINAL/RISC_V_FINAL.srcs/sources_1/new/control_unit.v:118]
INFO: [Synth 8-6155] done synthesizing module 'control_unit' (0#1) [C:/Verilog Projects/RISC_V_FINAL/RISC_V_FINAL.srcs/sources_1/new/control_unit.v:3]
INFO: [Synth 8-6157] synthesizing module 'data_path' [C:/Verilog Projects/RISC_V_FINAL/RISC_V_FINAL.srcs/sources_1/new/data_path.v:24]
INFO: [Synth 8-6157] synthesizing module 'register_file' [C:/Verilog Projects/RISC_V_FINAL/RISC_V_FINAL.srcs/sources_1/new/register_file.v:27]
INFO: [Synth 8-6155] done synthesizing module 'register_file' (0#1) [C:/Verilog Projects/RISC_V_FINAL/RISC_V_FINAL.srcs/sources_1/new/register_file.v:27]
INFO: [Synth 8-6157] synthesizing module 'alu' [C:/Verilog Projects/RISC_V_FINAL/RISC_V_FINAL.srcs/sources_1/new/alu.v:24]
WARNING: [Synth 8-151] case item 6'b001001 is unreachable [C:/Verilog Projects/RISC_V_FINAL/RISC_V_FINAL.srcs/sources_1/new/alu.v:39]
WARNING: [Synth 8-151] case item 6'b001011 is unreachable [C:/Verilog Projects/RISC_V_FINAL/RISC_V_FINAL.srcs/sources_1/new/alu.v:39]
WARNING: [Synth 8-151] case item 6'b001101 is unreachable [C:/Verilog Projects/RISC_V_FINAL/RISC_V_FINAL.srcs/sources_1/new/alu.v:39]
WARNING: [Synth 8-151] case item 6'b001110 is unreachable [C:/Verilog Projects/RISC_V_FINAL/RISC_V_FINAL.srcs/sources_1/new/alu.v:39]
WARNING: [Synth 8-151] case item 6'b001111 is unreachable [C:/Verilog Projects/RISC_V_FINAL/RISC_V_FINAL.srcs/sources_1/new/alu.v:39]
WARNING: [Synth 8-151] case item 6'b010000 is unreachable [C:/Verilog Projects/RISC_V_FINAL/RISC_V_FINAL.srcs/sources_1/new/alu.v:39]
INFO: [Synth 8-155] case statement is not full and has no default [C:/Verilog Projects/RISC_V_FINAL/RISC_V_FINAL.srcs/sources_1/new/alu.v:39]
INFO: [Synth 8-6155] done synthesizing module 'alu' (0#1) [C:/Verilog Projects/RISC_V_FINAL/RISC_V_FINAL.srcs/sources_1/new/alu.v:24]
INFO: [Synth 8-6157] synthesizing module 'data_memory' [C:/Verilog Projects/RISC_V_FINAL/RISC_V_FINAL.srcs/sources_1/new/data_memory.v:24]
INFO: [Synth 8-6155] done synthesizing module 'data_memory' (0#1) [C:/Verilog Projects/RISC_V_FINAL/RISC_V_FINAL.srcs/sources_1/new/data_memory.v:24]
INFO: [Synth 8-6155] done synthesizing module 'data_path' (0#1) [C:/Verilog Projects/RISC_V_FINAL/RISC_V_FINAL.srcs/sources_1/new/data_path.v:24]
WARNING: [Synth 8-689] width (32) of port connection 'read_data_addr_dm' does not match port width (5) of module 'data_path' [C:/Verilog Projects/RISC_V_FINAL/RISC_V_FINAL.srcs/sources_1/new/top_riscv.v:136]
INFO: [Synth 8-6155] done synthesizing module 'top_riscv' (0#1) [C:/Verilog Projects/RISC_V_FINAL/RISC_V_FINAL.srcs/sources_1/new/top_riscv.v:24]
WARNING: [Synth 8-3848] Net memory[108] in module/entity instruction_memory does not have driver. [C:/Verilog Projects/RISC_V_FINAL/RISC_V_FINAL.srcs/sources_1/new/INSTRUCTION_MEMORY.v:32]
WARNING: [Synth 8-3848] Net memory[107] in module/entity instruction_memory does not have driver. [C:/Verilog Projects/RISC_V_FINAL/RISC_V_FINAL.srcs/sources_1/new/INSTRUCTION_MEMORY.v:32]
WARNING: [Synth 8-3848] Net memory[106] in module/entity instruction_memory does not have driver. [C:/Verilog Projects/RISC_V_FINAL/RISC_V_FINAL.srcs/sources_1/new/INSTRUCTION_MEMORY.v:32]
WARNING: [Synth 8-3848] Net memory[105] in module/entity instruction_memory does not have driver. [C:/Verilog Projects/RISC_V_FINAL/RISC_V_FINAL.srcs/sources_1/new/INSTRUCTION_MEMORY.v:32]
WARNING: [Synth 8-3848] Net memory[104] in module/entity instruction_memory does not have driver. [C:/Verilog Projects/RISC_V_FINAL/RISC_V_FINAL.srcs/sources_1/new/INSTRUCTION_MEMORY.v:32]
WARNING: [Synth 8-3848] Net memory[103] in module/entity instruction_memory does not have driver. [C:/Verilog Projects/RISC_V_FINAL/RISC_V_FINAL.srcs/sources_1/new/INSTRUCTION_MEMORY.v:32]
WARNING: [Synth 8-3848] Net memory[102] in module/entity instruction_memory does not have driver. [C:/Verilog Projects/RISC_V_FINAL/RISC_V_FINAL.srcs/sources_1/new/INSTRUCTION_MEMORY.v:32]
WARNING: [Synth 8-3848] Net memory[101] in module/entity instruction_memory does not have driver. [C:/Verilog Projects/RISC_V_FINAL/RISC_V_FINAL.srcs/sources_1/new/INSTRUCTION_MEMORY.v:32]
WARNING: [Synth 8-3848] Net memory[100] in module/entity instruction_memory does not have driver. [C:/Verilog Projects/RISC_V_FINAL/RISC_V_FINAL.srcs/sources_1/new/INSTRUCTION_MEMORY.v:32]
WARNING: [Synth 8-3848] Net memory[99] in module/entity instruction_memory does not have driver. [C:/Verilog Projects/RISC_V_FINAL/RISC_V_FINAL.srcs/sources_1/new/INSTRUCTION_MEMORY.v:32]
WARNING: [Synth 8-3848] Net memory[98] in module/entity instruction_memory does not have driver. [C:/Verilog Projects/RISC_V_FINAL/RISC_V_FINAL.srcs/sources_1/new/INSTRUCTION_MEMORY.v:32]
WARNING: [Synth 8-3848] Net memory[97] in module/entity instruction_memory does not have driver. [C:/Verilog Projects/RISC_V_FINAL/RISC_V_FINAL.srcs/sources_1/new/INSTRUCTION_MEMORY.v:32]
WARNING: [Synth 8-3848] Net memory[96] in module/entity instruction_memory does not have driver. [C:/Verilog Projects/RISC_V_FINAL/RISC_V_FINAL.srcs/sources_1/new/INSTRUCTION_MEMORY.v:32]
WARNING: [Synth 8-3848] Net memory[87] in module/entity instruction_memory does not have driver. [C:/Verilog Projects/RISC_V_FINAL/RISC_V_FINAL.srcs/sources_1/new/INSTRUCTION_MEMORY.v:32]
WARNING: [Synth 8-3848] Net memory[86] in module/entity instruction_memory does not have driver. [C:/Verilog Projects/RISC_V_FINAL/RISC_V_FINAL.srcs/sources_1/new/INSTRUCTION_MEMORY.v:32]
WARNING: [Synth 8-3848] Net memory[85] in module/entity instruction_memory does not have driver. [C:/Verilog Projects/RISC_V_FINAL/RISC_V_FINAL.srcs/sources_1/new/INSTRUCTION_MEMORY.v:32]
WARNING: [Synth 8-3848] Net memory[84] in module/entity instruction_memory does not have driver. [C:/Verilog Projects/RISC_V_FINAL/RISC_V_FINAL.srcs/sources_1/new/INSTRUCTION_MEMORY.v:32]
WARNING: [Synth 8-3848] Net memory[79] in module/entity instruction_memory does not have driver. [C:/Verilog Projects/RISC_V_FINAL/RISC_V_FINAL.srcs/sources_1/new/INSTRUCTION_MEMORY.v:32]
WARNING: [Synth 8-3848] Net memory[78] in module/entity instruction_memory does not have driver. [C:/Verilog Projects/RISC_V_FINAL/RISC_V_FINAL.srcs/sources_1/new/INSTRUCTION_MEMORY.v:32]
WARNING: [Synth 8-3848] Net memory[77] in module/entity instruction_memory does not have driver. [C:/Verilog Projects/RISC_V_FINAL/RISC_V_FINAL.srcs/sources_1/new/INSTRUCTION_MEMORY.v:32]
WARNING: [Synth 8-3848] Net memory[76] in module/entity instruction_memory does not have driver. [C:/Verilog Projects/RISC_V_FINAL/RISC_V_FINAL.srcs/sources_1/new/INSTRUCTION_MEMORY.v:32]
WARNING: [Synth 8-3848] Net bne_control in module/entity top_riscv does not have driver. [C:/Verilog Projects/RISC_V_FINAL/RISC_V_FINAL.srcs/sources_1/new/top_riscv.v:126]
WARNING: [Synth 8-7129] Port wr_data[31] in module data_memory is either unconnected or has no load
WARNING: [Synth 8-7129] Port wr_data[30] in module data_memory is either unconnected or has no load
WARNING: [Synth 8-7129] Port wr_data[29] in module data_memory is either unconnected or has no load
WARNING: [Synth 8-7129] Port wr_data[28] in module data_memory is either unconnected or has no load
WARNING: [Synth 8-7129] Port wr_data[27] in module data_memory is either unconnected or has no load
WARNING: [Synth 8-7129] Port wr_data[26] in module data_memory is either unconnected or has no load
WARNING: [Synth 8-7129] Port wr_data[25] in module data_memory is either unconnected or has no load
WARNING: [Synth 8-7129] Port wr_data[24] in module data_memory is either unconnected or has no load
WARNING: [Synth 8-7129] Port wr_data[23] in module data_memory is either unconnected or has no load
WARNING: [Synth 8-7129] Port wr_data[22] in module data_memory is either unconnected or has no load
WARNING: [Synth 8-7129] Port wr_data[21] in module data_memory is either unconnected or has no load
WARNING: [Synth 8-7129] Port wr_data[20] in module data_memory is either unconnected or has no load
WARNING: [Synth 8-7129] Port wr_data[19] in module data_memory is either unconnected or has no load
WARNING: [Synth 8-7129] Port wr_data[18] in module data_memory is either unconnected or has no load
WARNING: [Synth 8-7129] Port wr_data[17] in module data_memory is either unconnected or has no load
WARNING: [Synth 8-7129] Port wr_data[16] in module data_memory is either unconnected or has no load
WARNING: [Synth 8-7129] Port wr_data[15] in module data_memory is either unconnected or has no load
WARNING: [Synth 8-7129] Port wr_data[14] in module data_memory is either unconnected or has no load
WARNING: [Synth 8-7129] Port wr_data[13] in module data_memory is either unconnected or has no load
WARNING: [Synth 8-7129] Port wr_data[12] in module data_memory is either unconnected or has no load
WARNING: [Synth 8-7129] Port wr_data[11] in module data_memory is either unconnected or has no load
WARNING: [Synth 8-7129] Port wr_data[10] in module data_memory is either unconnected or has no load
WARNING: [Synth 8-7129] Port wr_data[9] in module data_memory is either unconnected or has no load
WARNING: [Synth 8-7129] Port wr_data[8] in module data_memory is either unconnected or has no load
WARNING: [Synth 8-7129] Port jump in module register_file is either unconnected or has no load
WARNING: [Synth 8-7129] Port pc[31] in module instruction_memory is either unconnected or has no load
WARNING: [Synth 8-7129] Port pc[30] in module instruction_memory is either unconnected or has no load
WARNING: [Synth 8-7129] Port pc[29] in module instruction_memory is either unconnected or has no load
WARNING: [Synth 8-7129] Port pc[28] in module instruction_memory is either unconnected or has no load
WARNING: [Synth 8-7129] Port pc[27] in module instruction_memory is either unconnected or has no load
WARNING: [Synth 8-7129] Port pc[26] in module instruction_memory is either unconnected or has no load
WARNING: [Synth 8-7129] Port pc[25] in module instruction_memory is either unconnected or has no load
WARNING: [Synth 8-7129] Port pc[24] in module instruction_memory is either unconnected or has no load
WARNING: [Synth 8-7129] Port pc[23] in module instruction_memory is either unconnected or has no load
WARNING: [Synth 8-7129] Port pc[22] in module instruction_memory is either unconnected or has no load
WARNING: [Synth 8-7129] Port pc[21] in module instruction_memory is either unconnected or has no load
WARNING: [Synth 8-7129] Port pc[20] in module instruction_memory is either unconnected or has no load
WARNING: [Synth 8-7129] Port pc[19] in module instruction_memory is either unconnected or has no load
WARNING: [Synth 8-7129] Port pc[18] in module instruction_memory is either unconnected or has no load
WARNING: [Synth 8-7129] Port pc[17] in module instruction_memory is either unconnected or has no load
WARNING: [Synth 8-7129] Port pc[16] in module instruction_memory is either unconnected or has no load
WARNING: [Synth 8-7129] Port pc[15] in module instruction_memory is either unconnected or has no load
WARNING: [Synth 8-7129] Port pc[14] in module instruction_memory is either unconnected or has no load
WARNING: [Synth 8-7129] Port pc[13] in module instruction_memory is either unconnected or has no load
WARNING: [Synth 8-7129] Port pc[12] in module instruction_memory is either unconnected or has no load
WARNING: [Synth 8-7129] Port pc[11] in module instruction_memory is either unconnected or has no load
WARNING: [Synth 8-7129] Port pc[10] in module instruction_memory is either unconnected or has no load
WARNING: [Synth 8-7129] Port pc[9] in module instruction_memory is either unconnected or has no load
WARNING: [Synth 8-7129] Port pc[8] in module instruction_memory is either unconnected or has no load
WARNING: [Synth 8-7129] Port pc[7] in module instruction_memory is either unconnected or has no load
---------------------------------------------------------------------------------
Finished Synthesize : Time (s): cpu = 00:00:06 ; elapsed = 00:00:07 . Memory (MB): peak = 1307.906 ; gain = 668.547
---------------------------------------------------------------------------------
---------------------------------------------------------------------------------
Finished Constraint Validation : Time (s): cpu = 00:00:07 ; elapsed = 00:00:08 . Memory (MB): peak = 1307.906 ; gain = 668.547
---------------------------------------------------------------------------------
---------------------------------------------------------------------------------
Start Loading Part and Timing Information
---------------------------------------------------------------------------------
Loading part: xc7z010clg400-1
---------------------------------------------------------------------------------
INFO: [Device 21-403] Loading part xc7z010clg400-1
Finished Loading Part and Timing Information : Time (s): cpu = 00:00:07 ; elapsed = 00:00:08 . Memory (MB): peak = 1307.906 ; gain = 668.547
---------------------------------------------------------------------------------
WARNING: [Synth 8-327] inferring latch for variable 'result_reg' [C:/Verilog Projects/RISC_V_FINAL/RISC_V_FINAL.srcs/sources_1/new/alu.v:45]
---------------------------------------------------------------------------------
Finished RTL Optimization Phase 2 : Time (s): cpu = 00:00:08 ; elapsed = 00:00:09 . Memory (MB): peak = 1307.906 ; gain = 668.547
---------------------------------------------------------------------------------
No constraint files found.
---------------------------------------------------------------------------------
Start RTL Component Statistics 
---------------------------------------------------------------------------------
Detailed RTL Component Info : 
+---Adders : 
	   2 Input   32 Bit       Adders := 4     
	   3 Input   32 Bit       Adders := 1     
+---XORs : 
	   2 Input     32 Bit         XORs := 2     
+---Registers : 
	               32 Bit    Registers := 35    
	                8 Bit    Registers := 77    
+---Muxes : 
	   2 Input   32 Bit        Muxes := 3     
	   5 Input    6 Bit        Muxes := 1     
	   2 Input    6 Bit        Muxes := 1     
	   8 Input    5 Bit        Muxes := 1     
	   6 Input    5 Bit        Muxes := 1     
	   4 Input    5 Bit        Muxes := 1     
	   2 Input    1 Bit        Muxes := 100   
	   4 Input    1 Bit        Muxes := 1     
	   5 Input    1 Bit        Muxes := 5     
	  23 Input    1 Bit        Muxes := 1     
---------------------------------------------------------------------------------
Finished RTL Component Statistics 
---------------------------------------------------------------------------------
---------------------------------------------------------------------------------
Start Part Resource Summary
---------------------------------------------------------------------------------
Part Resources:
DSPs: 80 (col length:40)
BRAMs: 120 (col length: RAMB18 40 RAMB36 20)
---------------------------------------------------------------------------------
Finished Part Resource Summary
---------------------------------------------------------------------------------
No constraint files found.
---------------------------------------------------------------------------------
Start Cross Boundary and Area Optimization
---------------------------------------------------------------------------------
WARNING: [Synth 8-7129] Port jump in module register_file is either unconnected or has no load
WARNING: [Synth 8-7129] Port pc[31] in module instruction_memory is either unconnected or has no load
WARNING: [Synth 8-7129] Port pc[30] in module instruction_memory is either unconnected or has no load
WARNING: [Synth 8-7129] Port pc[29] in module instruction_memory is either unconnected or has no load
WARNING: [Synth 8-7129] Port pc[28] in module instruction_memory is either unconnected or has no load
WARNING: [Synth 8-7129] Port pc[27] in module instruction_memory is either unconnected or has no load
WARNING: [Synth 8-7129] Port pc[26] in module instruction_memory is either unconnected or has no load
WARNING: [Synth 8-7129] Port pc[25] in module instruction_memory is either unconnected or has no load
WARNING: [Synth 8-7129] Port pc[24] in module instruction_memory is either unconnected or has no load
WARNING: [Synth 8-7129] Port pc[23] in module instruction_memory is either unconnected or has no load
WARNING: [Synth 8-7129] Port pc[22] in module instruction_memory is either unconnected or has no load
WARNING: [Synth 8-7129] Port pc[21] in module instruction_memory is either unconnected or has no load
WARNING: [Synth 8-7129] Port pc[20] in module instruction_memory is either unconnected or has no load
WARNING: [Synth 8-7129] Port pc[19] in module instruction_memory is either unconnected or has no load
WARNING: [Synth 8-7129] Port pc[18] in module instruction_memory is either unconnected or has no load
WARNING: [Synth 8-7129] Port pc[17] in module instruction_memory is either unconnected or has no load
WARNING: [Synth 8-7129] Port pc[16] in module instruction_memory is either unconnected or has no load
WARNING: [Synth 8-7129] Port pc[15] in module instruction_memory is either unconnected or has no load
WARNING: [Synth 8-7129] Port pc[14] in module instruction_memory is either unconnected or has no load
WARNING: [Synth 8-7129] Port pc[13] in module instruction_memory is either unconnected or has no load
WARNING: [Synth 8-7129] Port pc[12] in module instruction_memory is either unconnected or has no load
WARNING: [Synth 8-7129] Port pc[11] in module instruction_memory is either unconnected or has no load
WARNING: [Synth 8-7129] Port pc[10] in module instruction_memory is either unconnected or has no load
WARNING: [Synth 8-7129] Port pc[9] in module instruction_memory is either unconnected or has no load
WARNING: [Synth 8-7129] Port pc[8] in module instruction_memory is either unconnected or has no load
WARNING: [Synth 8-7129] Port pc[7] in module instruction_memory is either unconnected or has no load
---------------------------------------------------------------------------------
Finished Cross Boundary and Area Optimization : Time (s): cpu = 00:00:19 ; elapsed = 00:00:20 . Memory (MB): peak = 1572.742 ; gain = 933.383
---------------------------------------------------------------------------------
No constraint files found.
---------------------------------------------------------------------------------
Start Timing Optimization
---------------------------------------------------------------------------------
---------------------------------------------------------------------------------
Finished Timing Optimization : Time (s): cpu = 00:00:20 ; elapsed = 00:00:21 . Memory (MB): peak = 1572.742 ; gain = 933.383
---------------------------------------------------------------------------------
---------------------------------------------------------------------------------
Start Technology Mapping
---------------------------------------------------------------------------------
---------------------------------------------------------------------------------
Finished Technology Mapping : Time (s): cpu = 00:00:21 ; elapsed = 00:00:22 . Memory (MB): peak = 1572.742 ; gain = 933.383
---------------------------------------------------------------------------------
---------------------------------------------------------------------------------
Start IO Insertion
---------------------------------------------------------------------------------
---------------------------------------------------------------------------------
Start Flattening Before IO Insertion
---------------------------------------------------------------------------------
---------------------------------------------------------------------------------
Finished Flattening Before IO Insertion
---------------------------------------------------------------------------------
---------------------------------------------------------------------------------
Start Final Netlist Cleanup
---------------------------------------------------------------------------------
---------------------------------------------------------------------------------
Finished Final Netlist Cleanup
---------------------------------------------------------------------------------
---------------------------------------------------------------------------------
Finished IO Insertion : Time (s): cpu = 00:00:25 ; elapsed = 00:00:26 . Memory (MB): peak = 1756.055 ; gain = 1116.695
---------------------------------------------------------------------------------
---------------------------------------------------------------------------------
Start Renaming Generated Instances
---------------------------------------------------------------------------------
---------------------------------------------------------------------------------
Finished Renaming Generated Instances : Time (s): cpu = 00:00:25 ; elapsed = 00:00:26 . Memory (MB): peak = 1756.055 ; gain = 1116.695
---------------------------------------------------------------------------------
---------------------------------------------------------------------------------
Start Rebuilding User Hierarchy
---------------------------------------------------------------------------------
---------------------------------------------------------------------------------
Finished Rebuilding User Hierarchy : Time (s): cpu = 00:00:25 ; elapsed = 00:00:26 . Memory (MB): peak = 1756.055 ; gain = 1116.695
---------------------------------------------------------------------------------
---------------------------------------------------------------------------------
Start Renaming Generated Ports
---------------------------------------------------------------------------------
---------------------------------------------------------------------------------
Finished Renaming Generated Ports : Time (s): cpu = 00:00:25 ; elapsed = 00:00:26 . Memory (MB): peak = 1756.055 ; gain = 1116.695
---------------------------------------------------------------------------------
---------------------------------------------------------------------------------
Start Handling Custom Attributes
---------------------------------------------------------------------------------
---------------------------------------------------------------------------------
Finished Handling Custom Attributes : Time (s): cpu = 00:00:25 ; elapsed = 00:00:26 . Memory (MB): peak = 1756.055 ; gain = 1116.695
---------------------------------------------------------------------------------
---------------------------------------------------------------------------------
Start Renaming Generated Nets
---------------------------------------------------------------------------------
---------------------------------------------------------------------------------
Finished Renaming Generated Nets : Time (s): cpu = 00:00:25 ; elapsed = 00:00:26 . Memory (MB): peak = 1756.055 ; gain = 1116.695
---------------------------------------------------------------------------------
---------------------------------------------------------------------------------
Start Writing Synthesis Report
---------------------------------------------------------------------------------

Report BlackBoxes: 
+-+--------------+----------+
| |BlackBox name |Instances |
+-+--------------+----------+
+-+--------------+----------+

Report Cell Usage: 
+------+-------+------+
|      |Cell   |Count |
+------+-------+------+
|1     |BUFG   |     2|
|2     |CARRY4 |    38|
|3     |LUT1   |    19|
|4     |LUT2   |   112|
|5     |LUT3   |    79|
|6     |LUT4   |   184|
|7     |LUT5   |   154|
|8     |LUT6   |   776|
|9     |MUXF7  |   222|
|10    |MUXF8  |    20|
|11    |FDRE   |   752|
|12    |FDSE   |   160|
|13    |LD     |    32|
|14    |IBUF   |     2|
|15    |OBUF   |     8|
+------+-------+------+

Report Instance Areas: 
+------+-------------+-----------------------+------+
|      |Instance     |Module                 |Cells |
+------+-------------+-----------------------+------+
|1     |top          |                       |  2560|
|2     |  dpu        |data_path              |  1974|
|3     |    alu_unit |alu                    |    42|
|4     |    dmu      |data_memory            |   368|
|5     |    rfu      |register_file          |  1564|
|6     |  ifu        |instruction_fetch_unit |   574|
+------+-------------+-----------------------+------+
---------------------------------------------------------------------------------
Finished Writing Synthesis Report : Time (s): cpu = 00:00:25 ; elapsed = 00:00:26 . Memory (MB): peak = 1756.055 ; gain = 1116.695
---------------------------------------------------------------------------------
Synthesis finished with 0 errors, 0 critical warnings and 106 warnings.
Synthesis Optimization Runtime : Time (s): cpu = 00:00:25 ; elapsed = 00:00:26 . Memory (MB): peak = 1756.055 ; gain = 1116.695
Synthesis Optimization Complete : Time (s): cpu = 00:00:25 ; elapsed = 00:00:26 . Memory (MB): peak = 1756.055 ; gain = 1116.695
INFO: [Project 1-571] Translating synthesized netlist
Netlist sorting complete. Time (s): cpu = 00:00:00 ; elapsed = 00:00:00.021 . Memory (MB): peak = 1770.105 ; gain = 0.000
INFO: [Netlist 29-17] Analyzing 312 Unisim elements for replacement
INFO: [Netlist 29-28] Unisim Transformation completed in 0 CPU seconds
INFO: [Project 1-570] Preparing netlist for logic optimization
INFO: [Opt 31-138] Pushed 0 inverter(s) to 0 load pin(s).
Netlist sorting complete. Time (s): cpu = 00:00:00 ; elapsed = 00:00:00.001 . Memory (MB): peak = 1883.039 ; gain = 0.000
INFO: [Project 1-111] Unisim Transformation Summary:
  A total of 32 instances were transformed.
  LD => LDCE: 32 instances

Synth Design complete | Checksum: 473a25c
INFO: [Common 17-83] Releasing license: Synthesis
37 Infos, 106 Warnings, 0 Critical Warnings and 0 Errors encountered.
synth_design completed successfully
synth_design: Time (s): cpu = 00:00:27 ; elapsed = 00:00:29 . Memory (MB): peak = 1883.039 ; gain = 1250.480
Write ShapeDB Complete: Time (s): cpu = 00:00:00 ; elapsed = 00:00:00.005 . Memory (MB): peak = 1883.039 ; gain = 0.000
INFO: [Common 17-1381] The checkpoint 'C:/Verilog Projects/RISC_V_FINAL/RISC_V_FINAL.runs/synth_1/top_riscv.dcp' has been generated.
INFO: [Vivado 12-24828] Executing command : report_utilization -file top_riscv_utilization_synth.rpt -pb top_riscv_utilization_synth.pb
INFO: [Common 17-206] Exiting Vivado at Thu Mar 19 13:33:46 2026...
